<?xml version="1.0" encoding="UTF-8"?>
<!-- Generated by org.testng.reporters.JUnitReportReporter -->
<testsuite skipped="0" hostname="Hamzas-MacBook-Pro.local" name="com.qa.hotelscom.test.HomePageTest" tests="3" failures="0" timestamp="2020-08-05T05:59:19 CDT" time="13.316" errors="0">
  <testcase name="verifyHomePageTitle" time="0.037" classname="com.qa.hotelscom.test.HomePageTest"/>
  <system-out/>
  <testcase name="destinationAndDate" time="6.071" classname="com.qa.hotelscom.test.HomePageTest"/>
  <system-out/>
  <testcase name="roomSettings" time="7.208" classname="com.qa.hotelscom.test.HomePageTest"/>
  <system-out/>
</testsuite> <!-- com.qa.hotelscom.test.HomePageTest -->
