<?xml version="1.0" encoding="UTF-8"?>
<!-- Generated by org.testng.reporters.JUnitReportReporter -->
<testsuite skipped="0" hostname="Hamzas-MacBook-Pro.local" name="com.qa.hotelscom.test.ThreeStarsTest" tests="4" failures="0" timestamp="2020-08-05T06:20:38 CDT" time="34.138" errors="0">
  <testcase name="getPageTitleTest" time="0.066" classname="com.qa.hotelscom.test.ThreeStarsTest"/>
  <system-out/>
  <testcase name="setStarsAndDistanceTest" time="2.751" classname="com.qa.hotelscom.test.ThreeStarsTest"/>
  <system-out/>
  <testcase name="scrollDownTest" time="30.198" classname="com.qa.hotelscom.test.ThreeStarsTest"/>
  <system-out/>
  <testcase name="listHotelsTest" time="1.123" classname="com.qa.hotelscom.test.ThreeStarsTest"/>
  <system-out/>
</testsuite> <!-- com.qa.hotelscom.test.ThreeStarsTest -->
