<?xml version="1.0" encoding="UTF-8"?>
<!-- Generated by org.testng.reporters.JUnitReportReporter -->
<testsuite skipped="0" hostname="Hamzas-MacBook-Pro.local" name="com.qa.hotelscom.test.FourStarsTest" tests="4" failures="0" timestamp="2020-08-05T06:24:48 CDT" time="34.270" errors="0">
  <testcase name="getPageTitleTest" time="0.100" classname="com.qa.hotelscom.test.FourStarsTest"/>
  <system-out/>
  <testcase name="setStarsAndDistanceTest" time="2.726" classname="com.qa.hotelscom.test.FourStarsTest"/>
  <system-out/>
  <testcase name="scrollDownTest" time="30.178" classname="com.qa.hotelscom.test.FourStarsTest"/>
  <system-out/>
  <testcase name="listHotelsTest" time="1.266" classname="com.qa.hotelscom.test.FourStarsTest"/>
  <system-out/>
</testsuite> <!-- com.qa.hotelscom.test.FourStarsTest -->
