<?xml version="1.0" encoding="UTF-8"?>
<!-- Generated by org.testng.reporters.JUnitReportReporter -->
<testsuite skipped="0" hostname="Hamzas-MacBook-Pro.local" name="com.qa.hotelscom.test.HotelsPageTest" tests="3" failures="0" timestamp="2020-08-05T06:18:10 CDT" time="61.455" errors="0">
  <testcase name="getHotelsPageTitle" time="0.035" classname="com.qa.hotelscom.test.HotelsPageTest"/>
  <system-out/>
  <testcase name="selectStarAndScrollDownTest" time="60.468" classname="com.qa.hotelscom.test.HotelsPageTest"/>
  <system-out/>
  <testcase name="listHiltonHotelsTest" time="0.952" classname="com.qa.hotelscom.test.HotelsPageTest"/>
  <system-out/>
</testsuite> <!-- com.qa.hotelscom.test.HotelsPageTest -->
