<?xml version="1.0" encoding="UTF-8"?>
<!-- Generated by org.testng.reporters.JUnitReportReporter -->
<testsuite skipped="0" hostname="Hamzas-MacBook-Pro.local" name="com.qa.hotelscom.test.FiveStarsTest" tests="4" failures="0" timestamp="2020-08-05T06:26:41 CDT" time="12.248" errors="0">
  <testcase name="getPageTitleTest" time="0.068" classname="com.qa.hotelscom.test.FiveStarsTest"/>
  <system-out/>
  <testcase name="setStarsAndDistanceTest" time="2.871" classname="com.qa.hotelscom.test.FiveStarsTest"/>
  <system-out/>
  <testcase name="scrollDownTest" time="9.051" classname="com.qa.hotelscom.test.FiveStarsTest"/>
  <system-out/>
  <testcase name="listHotelsTest" time="0.258" classname="com.qa.hotelscom.test.FiveStarsTest"/>
  <system-out/>
</testsuite> <!-- com.qa.hotelscom.test.FiveStarsTest -->
